<?xml version="1.0" encoding="UTF-8"?>
<coverage generated="1652287919502" clover="3.2.0">
  <project timestamp="1652287919502" name="All files">
    <metrics statements="27" coveredstatements="27" conditionals="6" coveredconditionals="6" methods="10" coveredmethods="10" elements="43" coveredelements="43" complexity="0" loc="27" ncloc="27" packages="1" files="2" classes="2"/>
    <file name="Counter.vue" path="A:\Repositories\fundamentos\src\components\Counter.vue">
      <metrics statements="7" coveredstatements="7" conditionals="2" coveredconditionals="2" methods="6" coveredmethods="6"/>
      <line num="12" count="1" type="stmt"/>
      <line num="21" count="8" type="stmt"/>
      <line num="26" count="8" type="stmt"/>
      <line num="32" count="1" type="stmt"/>
      <line num="35" count="1" type="stmt"/>
      <line num="40" count="10" type="stmt"/>
      <line num="43" count="8" type="cond" truecount="2" falsecount="0"/>
    </file>
    <file name="Indecision.vue" path="A:\Repositories\fundamentos\src\components\Indecision.vue">
      <metrics statements="20" coveredstatements="20" conditionals="4" coveredconditionals="4" methods="4" coveredmethods="4"/>
      <line num="14" count="1" type="stmt"/>
      <line num="16" count="7" type="stmt"/>
      <line num="25" count="5" type="stmt"/>
      <line num="26" count="5" type="stmt"/>
      <line num="27" count="5" type="stmt"/>
      <line num="28" count="3" type="stmt"/>
      <line num="30" count="3" type="cond" truecount="3" falsecount="0"/>
      <line num="32" count="1" type="stmt"/>
      <line num="33" count="1" type="stmt"/>
      <line num="35" count="1" type="stmt"/>
      <line num="36" count="1" type="stmt"/>
      <line num="38" count="1" type="stmt"/>
      <line num="41" count="3" type="stmt"/>
      <line num="43" count="2" type="stmt"/>
      <line num="44" count="2" type="stmt"/>
      <line num="50" count="2" type="stmt"/>
      <line num="51" count="2" type="stmt"/>
      <line num="52" count="2" type="cond" truecount="1" falsecount="0"/>
      <line num="53" count="1" type="stmt"/>
      <line num="54" count="1" type="stmt"/>
    </file>
  </project>
</coverage>
