<?xml version="1.0" encoding="UTF-8"?>
<coverage generated="1652225836910" clover="3.2.0">
  <project timestamp="1652225836910" name="All files">
    <metrics statements="24" coveredstatements="7" conditionals="6" coveredconditionals="2" methods="10" coveredmethods="6" elements="40" coveredelements="15" complexity="0" loc="24" ncloc="24" packages="1" files="2" classes="2"/>
    <file name="Counter.vue" path="A:\Repositories\fundamentos\src\components\Counter.vue">
      <metrics statements="7" coveredstatements="7" conditionals="2" coveredconditionals="2" methods="6" coveredmethods="6"/>
      <line num="12" count="1" type="stmt"/>
      <line num="21" count="5" type="stmt"/>
      <line num="26" count="5" type="stmt"/>
      <line num="32" count="1" type="stmt"/>
      <line num="35" count="1" type="stmt"/>
      <line num="40" count="7" type="stmt"/>
      <line num="43" count="5" type="cond" truecount="2" falsecount="0"/>
    </file>
    <file name="Indecision.vue" path="A:\Repositories\fundamentos\src\components\Indecision.vue">
      <metrics statements="17" coveredstatements="0" conditionals="4" coveredconditionals="0" methods="4" coveredmethods="0"/>
      <line num="14" count="0" type="stmt"/>
      <line num="16" count="0" type="stmt"/>
      <line num="25" count="0" type="stmt"/>
      <line num="26" count="0" type="stmt"/>
      <line num="27" count="0" type="stmt"/>
      <line num="29" count="0" type="stmt"/>
      <line num="30" count="0" type="cond" truecount="0" falsecount="3"/>
      <line num="32" count="0" type="stmt"/>
      <line num="33" count="0" type="stmt"/>
      <line num="35" count="0" type="stmt"/>
      <line num="36" count="0" type="stmt"/>
      <line num="38" count="0" type="stmt"/>
      <line num="41" count="0" type="stmt"/>
      <line num="46" count="0" type="stmt"/>
      <line num="47" count="0" type="cond" truecount="0" falsecount="1"/>
      <line num="48" count="0" type="stmt"/>
      <line num="49" count="0" type="stmt"/>
    </file>
  </project>
</coverage>
