{"A:\\Repositories\\fundamentos\\src\\components\\Counter.vue": {"path":"A:\\Repositories\\fundamentos\\src\\components\\Counter.vue","statementMap":{"0":{"start":{"line":12,"column":15},"end":{"line":12,"column":null}},"1":{"start":{"line":21,"column":8},"end":{"line":21,"column":15}},"2":{"start":{"line":26,"column":4},"end":{"line":26,"column":11}},"3":{"start":{"line":32,"column":6},"end":{"line":32,"column":11}},"4":{"start":{"line":35,"column":6},"end":{"line":35,"column":11}},"5":{"start":{"line":40,"column":6},"end":{"line":40,"column":13}},"6":{"start":{"line":43,"column":6},"end":{"line":43,"column":13}}},"fnMap":{"0":{"name":"(anonymous_0)","decl":{"start":{"line":20,"column":6},"end":{"line":20,"column":15}},"loc":{"start":{"line":20,"column":23},"end":{"line":22,"column":null}}},"1":{"name":"(anonymous_1)","decl":{"start":{"line":25,"column":2},"end":{"line":25,"column":6}},"loc":{"start":{"line":25,"column":9},"end":{"line":29,"column":null}}},"2":{"name":"(anonymous_2)","decl":{"start":{"line":31,"column":4},"end":{"line":31,"column":12}},"loc":{"start":{"line":31,"column":15},"end":{"line":33,"column":null}}},"3":{"name":"(anonymous_3)","decl":{"start":{"line":34,"column":4},"end":{"line":34,"column":12}},"loc":{"start":{"line":34,"column":15},"end":{"line":36,"column":null}}},"4":{"name":"(anonymous_4)","decl":{"start":{"line":39,"column":4},"end":{"line":39,"column":20}},"loc":{"start":{"line":39,"column":23},"end":{"line":41,"column":null}}},"5":{"name":"(anonymous_5)","decl":{"start":{"line":42,"column":4},"end":{"line":42,"column":12}},"loc":{"start":{"line":42,"column":15},"end":{"line":44,"column":null}}}},"branchMap":{"0":{"loc":{"start":{"line":43,"column":13},"end":{"line":43,"column":null}},"type":"binary-expr","locations":[{"start":{"line":43,"column":13},"end":{"line":43,"column":27}},{"start":{"line":43,"column":27},"end":{"line":43,"column":null}}]}},"s":{"0":1,"1":8,"2":8,"3":1,"4":1,"5":10,"6":8},"f":{"0":8,"1":8,"2":1,"3":1,"4":10,"5":8},"b":{"0":[8,7]}}
,"A:\\Repositories\\fundamentos\\src\\components\\Indecision.vue": {"path":"A:\\Repositories\\fundamentos\\src\\components\\Indecision.vue","statementMap":{"0":{"start":{"line":14,"column":15},"end":{"line":14,"column":null}},"1":{"start":{"line":16,"column":4},"end":{"line":16,"column":11}},"2":{"start":{"line":25,"column":6},"end":{"line":45,"column":null}},"3":{"start":{"line":26,"column":8},"end":{"line":26,"column":13}},"4":{"start":{"line":27,"column":34},"end":{"line":27,"column":45}},"5":{"start":{"line":28,"column":17},"end":{"line":28,"column":18}},"6":{"start":{"line":30,"column":8},"end":{"line":30,"column":16}},"7":{"start":{"line":32,"column":12},"end":{"line":32,"column":17}},"8":{"start":{"line":33,"column":12},"end":{"line":33,"column":null}},"9":{"start":{"line":35,"column":12},"end":{"line":35,"column":17}},"10":{"start":{"line":36,"column":12},"end":{"line":36,"column":null}},"11":{"start":{"line":38,"column":12},"end":{"line":38,"column":17}},"12":{"start":{"line":41,"column":8},"end":{"line":41,"column":13}},"13":{"start":{"line":43,"column":8},"end":{"line":43,"column":13}},"14":{"start":{"line":44,"column":8},"end":{"line":44,"column":13}},"15":{"start":{"line":50,"column":6},"end":{"line":50,"column":11}},"16":{"start":{"line":51,"column":6},"end":{"line":51,"column":13}},"17":{"start":{"line":52,"column":6},"end":{"line":55,"column":null}},"18":{"start":{"line":53,"column":8},"end":{"line":53,"column":13}},"19":{"start":{"line":54,"column":8},"end":{"line":54,"column":13}}},"fnMap":{"0":{"name":"(anonymous_0)","decl":{"start":{"line":15,"column":2},"end":{"line":15,"column":6}},"loc":{"start":{"line":15,"column":9},"end":{"line":22,"column":null}}},"1":{"name":"(anonymous_1)","decl":{"start":{"line":24,"column":4},"end":{"line":24,"column":10}},"loc":{"start":{"line":24,"column":22},"end":{"line":46,"column":null}}},"2":{"name":"(anonymous_2)","decl":{"start":{"line":28,"column":10},"end":{"line":28,"column":11}},"loc":{"start":{"line":28,"column":17},"end":{"line":28,"column":18}}},"3":{"name":"(anonymous_3)","decl":{"start":{"line":49,"column":4},"end":{"line":49,"column":12}},"loc":{"start":{"line":49,"column":24},"end":{"line":56,"column":null}}}},"branchMap":{"0":{"loc":{"start":{"line":30,"column":8},"end":{"line":30,"column":16}},"type":"switch","locations":[{"start":{"line":31,"column":10},"end":{"line":33,"column":null}},{"start":{"line":34,"column":10},"end":{"line":36,"column":null}},{"start":{"line":37,"column":10},"end":{"line":38,"column":17}}]},"1":{"loc":{"start":{"line":52,"column":6},"end":{"line":55,"column":null}},"type":"if","locations":[{"start":{"line":52,"column":6},"end":{"line":55,"column":null}}]}},"s":{"0":1,"1":7,"2":5,"3":5,"4":5,"5":3,"6":3,"7":1,"8":1,"9":1,"10":1,"11":1,"12":3,"13":2,"14":2,"15":2,"16":2,"17":2,"18":1,"19":1},"f":{"0":7,"1":5,"2":3,"3":2},"b":{"0":[1,1,1],"1":[1]}}
}
