{"A:\\Repositories\\fundamentos\\src\\components\\Counter.vue": {"path":"A:\\Repositories\\fundamentos\\src\\components\\Counter.vue","statementMap":{"0":{"start":{"line":12,"column":15},"end":{"line":12,"column":null}},"1":{"start":{"line":21,"column":8},"end":{"line":21,"column":15}},"2":{"start":{"line":26,"column":4},"end":{"line":26,"column":11}},"3":{"start":{"line":32,"column":6},"end":{"line":32,"column":11}},"4":{"start":{"line":35,"column":6},"end":{"line":35,"column":11}},"5":{"start":{"line":40,"column":6},"end":{"line":40,"column":13}},"6":{"start":{"line":43,"column":6},"end":{"line":43,"column":13}}},"fnMap":{"0":{"name":"(anonymous_0)","decl":{"start":{"line":20,"column":6},"end":{"line":20,"column":15}},"loc":{"start":{"line":20,"column":23},"end":{"line":22,"column":null}}},"1":{"name":"(anonymous_1)","decl":{"start":{"line":25,"column":2},"end":{"line":25,"column":6}},"loc":{"start":{"line":25,"column":9},"end":{"line":29,"column":null}}},"2":{"name":"(anonymous_2)","decl":{"start":{"line":31,"column":4},"end":{"line":31,"column":12}},"loc":{"start":{"line":31,"column":15},"end":{"line":33,"column":null}}},"3":{"name":"(anonymous_3)","decl":{"start":{"line":34,"column":4},"end":{"line":34,"column":12}},"loc":{"start":{"line":34,"column":15},"end":{"line":36,"column":null}}},"4":{"name":"(anonymous_4)","decl":{"start":{"line":39,"column":4},"end":{"line":39,"column":20}},"loc":{"start":{"line":39,"column":23},"end":{"line":41,"column":null}}},"5":{"name":"(anonymous_5)","decl":{"start":{"line":42,"column":4},"end":{"line":42,"column":12}},"loc":{"start":{"line":42,"column":15},"end":{"line":44,"column":null}}}},"branchMap":{"0":{"loc":{"start":{"line":43,"column":13},"end":{"line":43,"column":null}},"type":"binary-expr","locations":[{"start":{"line":43,"column":13},"end":{"line":43,"column":27}},{"start":{"line":43,"column":27},"end":{"line":43,"column":null}}]}},"s":{"0":1,"1":5,"2":5,"3":1,"4":1,"5":7,"6":5},"f":{"0":5,"1":5,"2":1,"3":1,"4":7,"5":5},"b":{"0":[5,5]}}
,"A:\\Repositories\\fundamentos\\src\\components\\Indecision.vue": {"path":"A:\\Repositories\\fundamentos\\src\\components\\Indecision.vue","statementMap":{"0":{"start":{"line":14,"column":15},"end":{"line":14,"column":null}},"1":{"start":{"line":16,"column":4},"end":{"line":16,"column":11}},"2":{"start":{"line":25,"column":6},"end":{"line":25,"column":11}},"3":{"start":{"line":26,"column":32},"end":{"line":26,"column":43}},"4":{"start":{"line":27,"column":8},"end":{"line":27,"column":9}},"5":{"start":{"line":29,"column":6},"end":{"line":29,"column":13}},"6":{"start":{"line":30,"column":6},"end":{"line":30,"column":14}},"7":{"start":{"line":32,"column":10},"end":{"line":32,"column":15}},"8":{"start":{"line":33,"column":10},"end":{"line":33,"column":null}},"9":{"start":{"line":35,"column":10},"end":{"line":35,"column":15}},"10":{"start":{"line":36,"column":10},"end":{"line":36,"column":null}},"11":{"start":{"line":38,"column":10},"end":{"line":38,"column":15}},"12":{"start":{"line":41,"column":6},"end":{"line":41,"column":11}},"13":{"start":{"line":46,"column":6},"end":{"line":46,"column":11}},"14":{"start":{"line":47,"column":6},"end":{"line":50,"column":null}},"15":{"start":{"line":48,"column":8},"end":{"line":48,"column":13}},"16":{"start":{"line":49,"column":8},"end":{"line":49,"column":13}}},"fnMap":{"0":{"name":"(anonymous_0)","decl":{"start":{"line":15,"column":2},"end":{"line":15,"column":6}},"loc":{"start":{"line":15,"column":9},"end":{"line":22,"column":null}}},"1":{"name":"(anonymous_1)","decl":{"start":{"line":24,"column":4},"end":{"line":24,"column":10}},"loc":{"start":{"line":24,"column":22},"end":{"line":42,"column":null}}},"2":{"name":"(anonymous_2)","decl":{"start":{"line":26,"column":74},"end":{"line":26,"column":75}},"loc":{"start":{"line":27,"column":8},"end":{"line":27,"column":9}}},"3":{"name":"(anonymous_3)","decl":{"start":{"line":45,"column":4},"end":{"line":45,"column":12}},"loc":{"start":{"line":45,"column":24},"end":{"line":51,"column":null}}}},"branchMap":{"0":{"loc":{"start":{"line":30,"column":6},"end":{"line":30,"column":14}},"type":"switch","locations":[{"start":{"line":31,"column":8},"end":{"line":33,"column":null}},{"start":{"line":34,"column":8},"end":{"line":36,"column":null}},{"start":{"line":37,"column":8},"end":{"line":38,"column":15}}]},"1":{"loc":{"start":{"line":47,"column":6},"end":{"line":50,"column":null}},"type":"if","locations":[{"start":{"line":47,"column":6},"end":{"line":50,"column":null}}]}},"s":{"0":0,"1":0,"2":0,"3":0,"4":0,"5":0,"6":0,"7":0,"8":0,"9":0,"10":0,"11":0,"12":0,"13":0,"14":0,"15":0,"16":0},"f":{"0":0,"1":0,"2":0,"3":0},"b":{"0":[0,0,0],"1":[0]}}
}
