TN:
SF:src\components\Counter.vue
FN:20,(anonymous_0)
FN:25,(anonymous_1)
FN:31,(anonymous_2)
FN:34,(anonymous_3)
FN:39,(anonymous_4)
FN:42,(anonymous_5)
FNF:6
FNH:6
FNDA:8,(anonymous_0)
FNDA:8,(anonymous_1)
FNDA:1,(anonymous_2)
FNDA:1,(anonymous_3)
FNDA:10,(anonymous_4)
FNDA:8,(anonymous_5)
DA:12,1
DA:21,8
DA:26,8
DA:32,1
DA:35,1
DA:40,10
DA:43,8
LF:7
LH:7
BRDA:43,0,0,8
BRDA:43,0,1,7
BRF:2
BRH:2
end_of_record
TN:
SF:src\components\Indecision.vue
FN:15,(anonymous_0)
FN:24,(anonymous_1)
FN:28,(anonymous_2)
FN:49,(anonymous_3)
FNF:4
FNH:4
FNDA:7,(anonymous_0)
FNDA:5,(anonymous_1)
FNDA:3,(anonymous_2)
FNDA:2,(anonymous_3)
DA:14,1
DA:16,7
DA:25,5
DA:26,5
DA:27,5
DA:28,3
DA:30,3
DA:32,1
DA:33,1
DA:35,1
DA:36,1
DA:38,1
DA:41,3
DA:43,2
DA:44,2
DA:50,2
DA:51,2
DA:52,2
DA:53,1
DA:54,1
LF:20
LH:20
BRDA:30,0,0,1
BRDA:30,0,1,1
BRDA:30,0,2,1
BRDA:52,1,0,1
BRF:4
BRH:4
end_of_record
